1539381564887	geckodriver	INFO	Listening on 127.0.0.1:53509
1539381565815	mozprofile::profile	INFO	Using profile path /tmp/rust_mozprofile.s3R9f2o1G4NB
1539381565816	geckodriver::marionette	INFO	Starting browser /usr/bin/firefox
1539381565859	geckodriver::marionette	INFO	Connecting to Marionette on localhost:37425
1539381580222	Marionette	INFO	Listening on port 2828
1539382156067	geckodriver	INFO	Listening on 127.0.0.1:51541
1539382157060	mozprofile::profile	INFO	Using profile path /tmp/rust_mozprofile.5lhAgcf0xioI
1539382157066	geckodriver::marionette	INFO	Starting browser /usr/bin/firefox
1539382157075	geckodriver::marionette	INFO	Connecting to Marionette on localhost:36297
1539382162495	Marionette	FATAL	Remote protocol server failed to start: Error: Could not bind to port 2828 (NS_ERROR_SOCKET_ADDRESS_IN_USE) (chrome://marionette/content/server.js:88:17) JS Stack trace: set acceptConnections@server.js:88:17
start@server.js:119:5
init/<@marionette.js:439:9
1539382162606	addons.xpi	WARN	Exception running bootstrap method shutdown on activity-stream@mozilla.org: [Exception... "Component returned failure code: 0x80070057 (NS_ERROR_ILLEGAL_VALUE) [nsIPrefBranch.removeObserver]"  nsresult: "0x80070057 (NS_ERROR_ILLEGAL_VALUE)"  location: "JS frame :: resource://activity-stream/lib/ActivityStreamPrefs.jsm :: ignoreBranch :: line 29"  data: no] Stack trace: ignoreBranch()@resource://activity-stream/lib/ActivityStreamPrefs.jsm:29
uninit()@resource://activity-stream/lib/Store.jsm:172
uninit()@resource://activity-stream/lib/ActivityStream.jsm:363
uninit()@resource://gre/modules/addons/XPIProvider.jsm -> jar:file:///usr/lib/firefox/browser/features/activity-stream@mozilla.org.xpi!/bootstrap.js:86
shutdown()@resource://gre/modules/addons/XPIProvider.jsm -> jar:file:///usr/lib/firefox/browser/features/activity-stream@mozilla.org.xpi!/bootstrap.js:194
callBootstrapMethod()@resource://gre/modules/addons/XPIProvider.jsm:1592
_shutdown()@resource://gre/modules/addons/XPIProvider.jsm:1728
observe()@resource://gre/modules/AsyncShutdown.jsm:541
init/<()@jar:file:///usr/lib/firefox/omni.ja!/components/marionette.js:444
JavaScript error: resource:///modules/SavantShieldStudy.jsm, line 171: TypeError: this.addonListener is undefined
console.error: PushService: 
  clearOriginData: Error clearing origin data:
  UnknownError
console.error: PushService: 
  stateChangeProcessEnqueue: Error transitioning state
  UnknownError

###!!! [Parent][DispatchAsyncMessage] Error: PBackgroundIDBFactory::Msg_PBackgroundIDBFactoryRequestConstructor Value error: message was deserialized, but contained an illegal value


###!!! [Parent][DispatchAsyncMessage] Error: PBackgroundIDBFactory::Msg_PBackgroundIDBFactoryRequestConstructor Value error: message was deserialized, but contained an illegal value

[Parent 19781, Gecko_IOThread] WARNING: pipe error (67): Connection reset by peer: file /build/firefox-IVlCbR/firefox-62.0.3+build1/ipc/chromium/src/chrome/common/ipc_channel_posix.cc, line 353
JavaScript error: jar:file:///usr/lib/firefox/omni.ja!/components/nsUrlClassifierListManager.js, line 321: NS_ERROR_NOT_INITIALIZED: Component returned failure code: 0xc1f30001 (NS_ERROR_NOT_INITIALIZED) [nsIUrlClassifierDBService.getTables]
JavaScript error: jar:file:///usr/lib/firefox/omni.ja!/components/nsUrlClassifierListManager.js, line 321: NS_ERROR_NOT_INITIALIZED: Component returned failure code: 0xc1f30001 (NS_ERROR_NOT_INITIALIZED) [nsIUrlClassifierDBService.getTables]
1539382170320	Marionette	INFO	Stopped listening on port 2828
1539382176277	geckodriver	INFO	Listening on 127.0.0.1:45809
1539382177283	mozprofile::profile	INFO	Using profile path /tmp/rust_mozprofile.4IKiMp6xzgs7
1539382177284	geckodriver::marionette	INFO	Starting browser /usr/bin/firefox
1539382177285	geckodriver::marionette	INFO	Connecting to Marionette on localhost:46239
1539382180909	Marionette	INFO	Listening on port 2828
[Parent 20596, Gecko_IOThread] WARNING: pipe error (57): Connection reset by peer: file /build/firefox-IVlCbR/firefox-62.0.3+build1/ipc/chromium/src/chrome/common/ipc_channel_posix.cc, line 353
JavaScript error: jar:file:///usr/lib/firefox/omni.ja!/components/nsUrlClassifierListManager.js, line 321: NS_ERROR_NOT_INITIALIZED: Component returned failure code: 0xc1f30001 (NS_ERROR_NOT_INITIALIZED) [nsIUrlClassifierDBService.getTables]
JavaScript error: jar:file:///usr/lib/firefox/omni.ja!/components/nsUrlClassifierListManager.js, line 321: NS_ERROR_NOT_INITIALIZED: Component returned failure code: 0xc1f30001 (NS_ERROR_NOT_INITIALIZED) [nsIUrlClassifierDBService.getTables]
1539382201834	Marionette	INFO	Stopped listening on port 2828
