1539373713162	geckodriver	INFO	Listening on 127.0.0.1:39453
1539373713223	mozprofile::profile	INFO	Using profile path /tmp/rust_mozprofile.SFSiIklxmrUt
1539373713225	geckodriver::marionette	INFO	Starting browser home/aryann/Desktop/selenium/whatsapp-bot/geckodriver
1539373772390	geckodriver	INFO	Listening on 127.0.0.1:58843
1539373773410	mozprofile::profile	INFO	Using profile path /tmp/rust_mozprofile.Fu1QlgZ9tAnx
1539373773413	geckodriver::marionette	INFO	Starting browser /usr/bin/firefox
1539373773433	geckodriver::marionette	INFO	Connecting to Marionette on localhost:34217
1539373789819	Marionette	INFO	Listening on port 2828
[Parent 15301, Gecko_IOThread] WARNING: pipe error (72): Connection reset by peer: file /build/firefox-IVlCbR/firefox-62.0.3+build1/ipc/chromium/src/chrome/common/ipc_channel_posix.cc, line 353
JavaScript error: jar:file:///usr/lib/firefox/omni.ja!/components/nsUrlClassifierListManager.js, line 321: NS_ERROR_NOT_INITIALIZED: Component returned failure code: 0xc1f30001 (NS_ERROR_NOT_INITIALIZED) [nsIUrlClassifierDBService.getTables]
JavaScript error: jar:file:///usr/lib/firefox/omni.ja!/components/nsUrlClassifierListManager.js, line 321: NS_ERROR_NOT_INITIALIZED: Component returned failure code: 0xc1f30001 (NS_ERROR_NOT_INITIALIZED) [nsIUrlClassifierDBService.getTables]
1539373883488	Marionette	INFO	Stopped listening on port 2828
1539373897426	geckodriver	INFO	Listening on 127.0.0.1:39127
1539373898435	mozprofile::profile	INFO	Using profile path /tmp/rust_mozprofile.3cqN2smBHbWp
1539373898439	geckodriver::marionette	INFO	Starting browser /usr/bin/firefox
1539373898445	geckodriver::marionette	INFO	Connecting to Marionette on localhost:44079
1539373901896	Marionette	INFO	Listening on port 2828
[Parent 15613, Gecko_IOThread] WARNING: pipe error (117): Connection reset by peer: file /build/firefox-IVlCbR/firefox-62.0.3+build1/ipc/chromium/src/chrome/common/ipc_channel_posix.cc, line 353
[Parent 15613, Gecko_IOThread] WARNING: pipe error (64): Connection reset by peer: file /build/firefox-IVlCbR/firefox-62.0.3+build1/ipc/chromium/src/chrome/common/ipc_channel_posix.cc, line 353
JavaScript error: jar:file:///usr/lib/firefox/omni.ja!/components/nsUrlClassifierListManager.js, line 321: NS_ERROR_NOT_INITIALIZED: Component returned failure code: 0xc1f30001 (NS_ERROR_NOT_INITIALIZED) [nsIUrlClassifierDBService.getTables]
JavaScript error: jar:file:///usr/lib/firefox/omni.ja!/components/nsUrlClassifierListManager.js, line 321: NS_ERROR_NOT_INITIALIZED: Component returned failure code: 0xc1f30001 (NS_ERROR_NOT_INITIALIZED) [nsIUrlClassifierDBService.getTables]
1539374229189	Marionette	INFO	Stopped listening on port 2828
1539374315282	geckodriver	INFO	Listening on 127.0.0.1:52811
1539374316290	mozprofile::profile	INFO	Using profile path /tmp/rust_mozprofile.RIWXsWRayAwH
1539374316294	geckodriver::marionette	INFO	Starting browser /usr/bin/firefox
1539374316300	geckodriver::marionette	INFO	Connecting to Marionette on localhost:32885
1539374319687	Marionette	FATAL	Remote protocol server failed to start: Error: Could not bind to port 2828 (NS_ERROR_SOCKET_ADDRESS_IN_USE) (chrome://marionette/content/server.js:88:17) JS Stack trace: set acceptConnections@server.js:88:17
start@server.js:119:5
init/<@marionette.js:439:9
1539374319714	addons.xpi	WARN	Exception running bootstrap method shutdown on activity-stream@mozilla.org: [Exception... "Component returned failure code: 0x80070057 (NS_ERROR_ILLEGAL_VALUE) [nsIPrefBranch.removeObserver]"  nsresult: "0x80070057 (NS_ERROR_ILLEGAL_VALUE)"  location: "JS frame :: resource://activity-stream/lib/ActivityStreamPrefs.jsm :: ignoreBranch :: line 29"  data: no] Stack trace: ignoreBranch()@resource://activity-stream/lib/ActivityStreamPrefs.jsm:29
uninit()@resource://activity-stream/lib/Store.jsm:172
uninit()@resource://activity-stream/lib/ActivityStream.jsm:363
uninit()@resource://gre/modules/addons/XPIProvider.jsm -> jar:file:///usr/lib/firefox/browser/features/activity-stream@mozilla.org.xpi!/bootstrap.js:86
shutdown()@resource://gre/modules/addons/XPIProvider.jsm -> jar:file:///usr/lib/firefox/browser/features/activity-stream@mozilla.org.xpi!/bootstrap.js:194
callBootstrapMethod()@resource://gre/modules/addons/XPIProvider.jsm:1592
_shutdown()@resource://gre/modules/addons/XPIProvider.jsm:1728
observe()@resource://gre/modules/AsyncShutdown.jsm:541
init/<()@jar:file:///usr/lib/firefox/omni.ja!/components/marionette.js:444
JavaScript error: resource:///modules/SavantShieldStudy.jsm, line 171: TypeError: this.addonListener is undefined
JavaScript error: jar:file:///usr/lib/firefox/omni.ja!/components/nsUrlClassifierListManager.js, line 321: NS_ERROR_NOT_INITIALIZED: Component returned failure code: 0xc1f30001 (NS_ERROR_NOT_INITIALIZED) [nsIUrlClassifierDBService.getTables]
JavaScript error: jar:file:///usr/lib/firefox/omni.ja!/components/nsUrlClassifierListManager.js, line 321: NS_ERROR_NOT_INITIALIZED: Component returned failure code: 0xc1f30001 (NS_ERROR_NOT_INITIALIZED) [nsIUrlClassifierDBService.getTables]
JavaScript error: resource://gre/modules/JSONFile.jsm, line 159: Error: Data is not ready.
JavaScript error: resource://gre/modules/JSONFile.jsm, line 159: Error: Data is not ready.
JavaScript error: resource://gre/modules/JSONFile.jsm, line 159: Error: Data is not ready.
console.error: PushService: 
  clearOriginData: Error clearing origin data:
  UnknownError
console.error: PushService: 
  stateChangeProcessEnqueue: Error transitioning state
  UnknownError

###!!! [Parent][DispatchAsyncMessage] Error: PBackgroundIDBFactory::Msg_PBackgroundIDBFactoryRequestConstructor Value error: message was deserialized, but contained an illegal value


###!!! [Parent][DispatchAsyncMessage] Error: PBackgroundIDBFactory::Msg_PBackgroundIDBFactoryRequestConstructor Value error: message was deserialized, but contained an illegal value

1539374336144	geckodriver	INFO	Listening on 127.0.0.1:42311
1539374337154	mozprofile::profile	INFO	Using profile path /tmp/rust_mozprofile.JxUxTA4ewO2S
1539374337157	geckodriver::marionette	INFO	Starting browser /usr/bin/firefox
1539374337164	geckodriver::marionette	INFO	Connecting to Marionette on localhost:38337
1539374340647	Marionette	INFO	Listening on port 2828
[Parent 16824, Gecko_IOThread] WARNING: pipe error (57): Connection reset by peer: file /build/firefox-IVlCbR/firefox-62.0.3+build1/ipc/chromium/src/chrome/common/ipc_channel_posix.cc, line 353
JavaScript error: jar:file:///usr/lib/firefox/omni.ja!/components/nsUrlClassifierListManager.js, line 321: NS_ERROR_NOT_INITIALIZED: Component returned failure code: 0xc1f30001 (NS_ERROR_NOT_INITIALIZED) [nsIUrlClassifierDBService.getTables]
JavaScript error: jar:file:///usr/lib/firefox/omni.ja!/components/nsUrlClassifierListManager.js, line 321: NS_ERROR_NOT_INITIALIZED: Component returned failure code: 0xc1f30001 (NS_ERROR_NOT_INITIALIZED) [nsIUrlClassifierDBService.getTables]
1539374941164	Marionette	INFO	Stopped listening on port 2828
